 ][12:50:51][WARN ](AbstractApplicationContext.java:557) - Exception encountered during context initialization - cancelling refresh attempt: org.springframework.beans.factory.BeanCreationException: Error creating bean with name 'afterAdvice' defined in file [C:\forest\.metadata\.plugins\org.eclipse.wst.server.core\tmp0\wtpwebapps\forest\WEB-INF\classes\com\kh\forest\helpcenter\common\AfterAdvice.class]: Instantiation of bean failed; nested exception is org.springframework.beans.BeanInstantiationException: Failed to instantiate [com.kh.forest.helpcenter.common.AfterAdvice]: Constructor threw exception; nested exception is java.lang.Error: Unresolved compilation problem: 
	The declared package "com.kh.forest.common" does not match the expected package "com.kh.forest.helpcenter.common"

[12:50:51][ERROR](FrameworkServlet.java:507) - Context initialization failed
org.springframework.beans.factory.BeanCreationException: Error creating bean with name 'afterAdvice' defined in file [C:\forest\.metadata\.plugins\org.eclipse.wst.server.core\tmp0\wtpwebapps\forest\WEB-INF\classes\com\kh\forest\helpcenter\common\AfterAdvice.class]: Instantiation of bean failed; nested exception is org.springframework.beans.BeanInstantiationException: Failed to instantiate [com.kh.forest.helpcenter.common.AfterAdvice]: Constructor threw exception; nested exception is java.lang.Error: Unresolved compilation problem: 
	The declared package "com.kh.forest.common" does not match the expected package "com.kh.forest.helpcenter.common"

	at org.springframework.beans.factory.support.AbstractAutowireCapableBeanFactory.instantiateBean(AbstractAutowireCapableBeanFactory.java:1232)
	at org.springframework.beans.factory.support.AbstractAutowireCapableBeanFactory.createBeanInstance(AbstractAutowireCapableBeanFactory.java:1131)
	at org.springframework.beans.factory.support.AbstractAutowireCapableBeanFactory.doCreateBean(AbstractAutowireCapableBeanFactory.java:545)
	at org.springframework.beans.factory.support.AbstractAutowireCapableBeanFactory.createBean(AbstractAutowireCapableBeanFactory.java:502)
	at org.springframework.beans.factory.support.AbstractBeanFactory.lambda$doGetBean$0(AbstractBeanFactory.java:312)
	at org.springframework.beans.factory.support.DefaultSingletonBeanRegistry.getSingleton(DefaultSingletonBeanRegistry.java:228)
	at org.springframework.beans.factory.support.AbstractBeanFactory.doGetBean(AbstractBeanFactory.java:310)
	at org.springframework.beans.factory.support.AbstractBeanFactory.getBean(AbstractBeanFactory.java:200)
	at org.springframework.beans.factory.support.DefaultListableBeanFactory.preInstantiateSingletons(DefaultListableBeanFactory.java:760)
	at org.springframework.context.support.AbstractApplicationContext.finishBeanFactoryInitialization(AbstractApplicationContext.java:868)
	at org.springframework.context.support.AbstractApplicationContext.refresh(AbstractApplicationContext.java:549)
	at org.springframework.web.servlet.FrameworkServlet.configureAndRefreshWebApplicationContext(FrameworkServlet.java:676)
	at org.springframework.web.servlet.FrameworkServlet.createWebApplicationContext(FrameworkServlet.java:642)
	at org.springframework.web.servlet.FrameworkServlet.createWebApplicationContext(FrameworkServlet.java:690)
	at org.springframework.web.servlet.FrameworkServlet.initWebApplicationContext(FrameworkServlet.java:558)
	at org.springframework.web.servlet.FrameworkServlet.initServletBean(FrameworkServlet.java:499)
	at org.springframework.web.servlet.HttpServletBean.init(HttpServletBean.java:172)
	at javax.servlet.GenericServlet.init(GenericServlet.java:158)
	at org.apache.catalina.core.StandardWrapper.initServlet(StandardWrapper.java:1144)
	at org.apache.catalina.core.StandardWrapper.loadServlet(StandardWrapper.java:1091)
	at org.apache.catalina.core.StandardWrapper.load(StandardWrapper.java:983)
	at org.apache.catalina.core.StandardContext.loadOnStartup(StandardContext.java:4939)
	at org.apache.catalina.core.StandardContext.startInternal(StandardContext.java:5249)
	at org.apache.catalina.util.LifecycleBase.start(LifecycleBase.java:150)
	at org.apache.catalina.core.StandardContext.reload(StandardContext.java:3800)
	at org.apache.catalina.loader.WebappLoader.backgroundProcess(WebappLoader.java:292)
	at org.apache.catalina.core.StandardContext.backgroundProcess(StandardContext.java:5571)
	at org.apache.catalina.core.ContainerBase$ContainerBackgroundProcessor.processChildren(ContainerBase.java:1390)
	at org.apache.catalina.core.ContainerBase$ContainerBackgroundProcessor.processChildren(ContainerBase.java:1394)
	at org.apache.catalina.core.ContainerBase$ContainerBackgroundProcessor.processChildren(ContainerBase.java:1394)
	at org.apache.catalina.core.ContainerBase$ContainerBackgroundProcessor.run(ContainerBase.java:1362)
	at java.lang.Thread.run(Unknown Source)
Caused by: org.springframework.beans.BeanInstantiationException: Failed to instantiate [com.kh.forest.helpcenter.common.AfterAdvice]: Constructor threw exception; nested exception is java.lang.Error: Unresolved compilation problem: 
	The declared package "com.kh.forest.common" does not match the expected package "com.kh.forest.helpcenter.common"

	at org.springframework.beans.BeanUtils.instantiateClass(BeanUtils.java:182)
	at org.springframework.beans.factory.support.SimpleInstantiationStrategy.instantiate(SimpleInstantiationStrategy.java:87)
	at org.springframework.beans.factory.support.AbstractAutowireCapableBeanFactory.instantiateBean(AbstractAutowireCapableBeanFactory.java:1224)
	... 31 more
Caused by: java.lang.Error: Unresolved compilation problem: 
	The declared package "com.kh.forest.common" does not match the expected package "com.kh.forest.helpcenter.common"

	at com.kh.forest.helpcenter.common.AfterAdvice.<init>(AfterAdvice.java:1)
	at sun.reflect.NativeConstructorAccessorImpl.newInstance0(Native Method)
	at sun.reflect.NativeConstructorAccessorImpl.newInstance(Unknown Source)
	at sun.reflect.DelegatingConstructorAccessorImpl.newInstance(Unknown Source)
	at java.lang.reflect.Constructor.newInstance(Unknown Source)
	at org.springframework.beans.BeanUtils.instantiateClass(BeanUtils.java:170)
	... 33 more
[12:50:52][WARN ](AbstractApplicationContext.java:557) - Exception encountered during context initialization - cancelling refresh attempt: org.springframework.beans.factory.BeanCreationException: Error creating bean with name 'afterAdvice' defined in file [C:\forest\.metadata\.plugins\org.eclipse.wst.server.core\tmp0\wtpwebapps\forest\WEB-INF\classes\com\kh\forest\helpcenter\common\AfterAdvice.class]: Instantiation of bean failed; nested exception is org.springframework.beans.BeanInstantiationException: Failed to instantiate [com.kh.forest.helpcenter.common.AfterAdvice]: Constructor threw exception; nested exception is java.lang.Error: Unresolved compilation problem: 
	The declared package "com.kh.forest.common" does not match the expected package "com.kh.forest.helpcenter.common"

[12:50:52][ERROR](FrameworkServlet.java:507) - Context initialization failed
org.springframework.beans.factory.BeanCreationException: Error creating bean with name 'afterAdvice' defined in file [C:\forest\.metadata\.plugins\org.eclipse.wst.server.core\tmp0\wtpwebapps\forest\WEB-INF\classes\com\kh\forest\helpcenter\common\AfterAdvice.class]: Instantiation of bean failed; nested exception is org.springframework.beans.BeanInstantiationException: Failed to instantiate [com.kh.forest.helpcenter.common.AfterAdvice]: Constructor threw exception; nested exception is java.lang.Error: Unresolved compilation problem: 
	The declared package "com.kh.forest.common" does not match the expected package "com.kh.forest.helpcenter.common"

	at org.springframework.beans.factory.support.AbstractAutowireCapableBeanFactory.instantiateBean(AbstractAutowireCapableBeanFactory.java:1232)
	at org.springframework.beans.factory.support.AbstractAutowireCapableBeanFactory.createBeanInstance(AbstractAutowireCapableBeanFactory.java:1131)
	at org.springframework.beans.factory.support.AbstractAutowireCapableBeanFactory.doCreateBean(AbstractAutowireCapableBeanFactory.java:545)
	at org.springframework.beans.factory.support.AbstractAutowireCapableBeanFactory.createBean(AbstractAutowireCapableBeanFactory.java:502)
	at org.springframework.beans.factory.support.AbstractBeanFactory.lambda$doGetBean$0(AbstractBeanFactory.java:312)
	at org.springframework.beans.factory.support.DefaultSingletonBeanRegistry.getSingleton(DefaultSingletonBeanRegistry.java:228)
	at org.springframework.beans.factory.support.AbstractBeanFactory.doGetBean(AbstractBeanFactory.java:310)
	at org.springframework.beans.factory.support.AbstractBeanFactory.getBean(AbstractBeanFactory.java:200)
	at org.springframework.beans.factory.support.DefaultListableBeanFactory.preInstantiateSingletons(DefaultListableBeanFactory.java:760)
	at org.springframework.context.support.AbstractApplicationContext.finishBeanFactoryInitialization(AbstractApplicationContext.java:868)
	at org.springframework.context.support.AbstractApplicationContext.refresh(AbstractApplicationContext.java:549)
	at org.springframework.web.servlet.FrameworkServlet.configureAndRefreshWebApplicationContext(FrameworkServlet.java:676)
	at org.springframework.web.servlet.FrameworkServlet.createWebApplicationContext(FrameworkServlet.java:642)
	at org.springframework.web.servlet.FrameworkServlet.createWebApplicationContext(FrameworkServlet.java:690)
	at org.springframework.web.servlet.FrameworkServlet.initWebApplicationContext(FrameworkServlet.java:558)
	at org.springframework.web.servlet.FrameworkServlet.initServletBean(FrameworkServlet.java:499)
	at org.springframework.web.servlet.HttpServletBean.init(HttpServletBean.java:172)
	at javax.servlet.GenericServlet.init(GenericServlet.java:158)
	at org.apache.catalina.core.StandardWrapper.initServlet(StandardWrapper.java:1144)
	at org.apache.catalina.core.StandardWrapper.loadServlet(StandardWrapper.java:1091)
	at org.apache.catalina.core.StandardWrapper.load(StandardWrapper.java:983)
	at org.apache.catalina.core.StandardContext.loadOnStartup(StandardContext.java:4939)
	at org.apache.catalina.core.StandardContext.startInternal(StandardContext.java:5249)
	at org.apache.catalina.util.LifecycleBase.start(LifecycleBase.java:150)
	at org.apache.catalina.core.StandardContext.reload(StandardContext.java:3800)
	at org.apache.catalina.loader.WebappLoader.backgroundProcess(WebappLoader.java:292)
	at org.apache.catalina.core.StandardContext.backgroundProcess(StandardContext.java:5571)
	at org.apache.catalina.core.ContainerBase$ContainerBackgroundProcessor.processChildren(ContainerBase.java:1390)
	at org.apache.catalina.core.ContainerBase$ContainerBackgroundProcessor.processChildren(ContainerBase.java:1394)
	at org.apache.catalina.core.ContainerBase$ContainerBackgroundProcessor.processChildren(ContainerBase.java:1394)
	at org.apache.catalina.core.ContainerBase$ContainerBackgroundProcessor.run(ContainerBase.java:1362)
	at java.lang.Thread.run(Unknown Source)
Caused by: org.springframework.beans.BeanInstantiationException: Failed to instantiate [com.kh.forest.helpcenter.common.AfterAdvice]: Constructor threw exception; nested exception is java.lang.Error: Unresolved compilation problem: 
	The declared package "com.kh.forest.common" does not match the expected package "com.kh.forest.helpcenter.common"

	at org.springframework.beans.BeanUtils.instantiateClass(BeanUtils.java:182)
	at org.springframework.beans.factory.support.SimpleInstantiationStrategy.instantiate(SimpleInstantiationStrategy.java:87)
	at org.springframework.beans.factory.support.AbstractAutowireCapableBeanFactory.instantiateBean(AbstractAutowireCapableBeanFactory.java:1224)
	... 31 more
Caused by: java.lang.Error: Unresolved compilation problem: 
	The declared package "com.kh.forest.common" does not match the expected package "com.kh.forest.helpcenter.common"

	at com.kh.forest.helpcenter.common.AfterAdvice.<init>(AfterAdvice.java:1)
	at sun.reflect.NativeConstructorAccessorImpl.newInstance0(Native Method)
	at sun.reflect.NativeConstructorAccessorImpl.newInstance(Unknown Source)
	at sun.reflect.DelegatingConstructorAccessorImpl.newInstance(Unknown Source)
	at java.lang.reflect.Constructor.newInstance(Unknown Source)
	at org.springframework.beans.BeanUtils.instantiateClass(BeanUtils.java:170)
	... 33 more
[12:50:53][WARN ](AbstractApplicationContext.java:557) - Exception encountered during context initialization - cancelling refresh attempt: org.springframework.beans.factory.BeanCreationException: Error creating bean with name 'afterAdvice' defined in file [C:\forest\.metadata\.plugins\org.eclipse.wst.server.core\tmp0\wtpwebapps\forest\WEB-INF\classes\com\kh\forest\helpcenter\common\AfterAdvice.class]: Instantiation of bean failed; nested exception is org.springframework.beans.BeanInstantiationException: Failed to instantiate [com.kh.forest.helpcenter.common.AfterAdvice]: Constructor threw exception; nested exception is java.lang.Error: Unresolved compilation problem: 
	The declared package "com.kh.forest.common" does not match the expected package "com.kh.forest.helpcenter.common"

[12:50:53][ERROR](FrameworkServlet.java:507) - Context initialization failed
org.springframework.beans.factory.BeanCreationException: Error creating bean with name 'afterAdvice' defined in file [C:\forest\.metadata\.plugins\org.eclipse.wst.server.core\tmp0\wtpwebapps\forest\WEB-INF\classes\com\kh\forest\helpcenter\common\AfterAdvice.class]: Instantiation of bean failed; nested exception is org.springframework.beans.BeanInstantiationException: Failed to instantiate [com.kh.forest.helpcenter.common.AfterAdvice]: Constructor threw exception; nested exception is java.lang.Error: Unresolved compilation problem: 
	The declared package "com.kh.forest.common" does not match the expected package "com.kh.forest.helpcenter.common"

	at org.springframework.beans.factory.support.AbstractAutowireCapableBeanFactory.instantiateBean(AbstractAutowireCapableBeanFactory.java:1232)
	at org.springframework.beans.factory.support.AbstractAutowireCapableBeanFactory.createBeanInstance(AbstractAutowireCapableBeanFactory.java:1131)
	at org.springframework.beans.factory.support.AbstractAutowireCapableBeanFactory.doCreateBean(AbstractAutowireCapableBeanFactory.java:545)
	at org.springframework.beans.factory.support.AbstractAutowireCapableBeanFactory.createBean(AbstractAutowireCapableBeanFactory.java:502)
	at org.springframework.beans.factory.support.AbstractBeanFactory.lambda$doGetBean$0(AbstractBeanFactory.java:312)
	at org.springframework.beans.factory.support.DefaultSingletonBeanRegistry.getSingleton(DefaultSingletonBeanRegistry.java:228)
	at org.springframework.beans.factory.support.AbstractBeanFactory.doGetBean(AbstractBeanFactory.java:310)
	at org.springframework.beans.factory.support.AbstractBeanFactory.getBean(AbstractBeanFactory.java:200)
	at org.springframework.beans.factory.support.DefaultListableBeanFactory.preInstantiateSingletons(DefaultListableBeanFactory.java:760)
	at org.springframework.context.support.AbstractApplicationContext.finishBeanFactoryInitialization(AbstractApplicationContext.java:868)
	at org.springframework.context.support.AbstractApplicationContext.refresh(AbstractApplicationContext.java:549)
	at org.springframework.web.servlet.FrameworkServlet.configureAndRefreshWebApplicationContext(FrameworkServlet.java:676)
	at org.springframework.web.servlet.FrameworkServlet.createWebApplicationContext(FrameworkServlet.java:642)
	at org.springframework.web.servlet.FrameworkServlet.createWebApplicationContext(FrameworkServlet.java:690)
	at org.springframework.web.servlet.FrameworkServlet.initWebApplicationContext(FrameworkServlet.java:558)
	at org.springframework.web.servlet.FrameworkServlet.initServletBean(FrameworkServlet.java:499)
	at org.springframework.web.servlet.HttpServletBean.init(HttpServletBean.java:172)
	at javax.servlet.GenericServlet.init(GenericServlet.java:158)
	at org.apache.catalina.core.StandardWrapper.initServlet(StandardWrapper.java:1144)
	at org.apache.catalina.core.StandardWrapper.loadServlet(StandardWrapper.java:1091)
	at org.apache.catalina.core.StandardWrapper.allocate(StandardWrapper.java:773)
	at org.apache.catalina.core.StandardWrapperValve.invoke(StandardWrapperValve.java:133)
	at org.apache.catalina.core.StandardContextValve.invoke(StandardContextValve.java:96)
	at org.apache.catalina.authenticator.AuthenticatorBase.invoke(AuthenticatorBase.java:496)
	at org.apache.catalina.core.StandardHostValve.invoke(StandardHostValve.java:140)
	at org.apache.catalina.valves.ErrorReportValve.invoke(ErrorReportValve.java:81)
	at org.apache.catalina.valves.AbstractAccessLogValve.invoke(AbstractAccessLogValve.java:650)
	at org.apache.catalina.core.StandardEngineValve.invoke(StandardEngineValve.java:87)
	at org.apache.catalina.connector.CoyoteAdapter.service(CoyoteAdapter.java:342)
	at org.apache.coyote.http11.Http11Processor.service(Http11Processor.java:803)
	at org.apache.coyote.AbstractProcessorLight.process(AbstractProcessorLight.java:66)
	at org.apache.coyote.AbstractProtocol$ConnectionHandler.process(AbstractProtocol.java:790)
	at org.apache.tomcat.util.net.NioEndpoint$SocketProcessor.doRun(NioEndpoint.java:1459)
	at org.apache.tomcat.util.net.SocketProcessorBase.run(SocketProcessorBase.java:49)
	at java.util.concurrent.ThreadPoolExecutor.runWorker(Unknown Source)
	at java.util.concurrent.ThreadPoolExecutor$Worker.run(Unknown Source)
	at org.apache.tomcat.util.threads.TaskThread$WrappingRunnable.run(TaskThread.java:61)
	at java.lang.Thread.run(Unknown Source)
Caused by: org.springframework.beans.BeanInstantiationException: Failed to instantiate [com.kh.forest.helpcenter.common.AfterAdvice]: Constructor threw exception; nested exception is java.lang.Error: Unresolved compilation problem: 
	The declared package "com.kh.forest.common" does not match the expected package "com.kh.forest.helpcenter.common"

	at org.springframework.beans.BeanUtils.instantiateClass(BeanUtils.java:182)
	at org.springframework.beans.factory.support.SimpleInstantiationStrategy.instantiate(SimpleInstantiationStrategy.java:87)
	at org.springframework.beans.factory.support.AbstractAutowireCapableBeanFactory.instantiateBean(AbstractAutowireCapableBeanFactory.java:1224)
	... 37 more
Caused by: java.lang.Error: Unresolved compilation problem: 
	The declared package "com.kh.forest.common" does not match the expected package "com.kh.forest.helpcenter.common"

	at com.kh.forest.helpcenter.common.AfterAdvice.<init>(AfterAdvice.java:1)
	at sun.reflect.NativeConstructorAccessorImpl.newInstance0(Native Method)
	at sun.reflect.NativeConstructorAccessorImpl.newInstance(Unknown Source)
	at sun.reflect.DelegatingConstructorAccessorImpl.newInstance(Unknown Source)
	at java.lang.reflect.Constructor.newInstance(Unknown Source)
	at org.springframework.beans.BeanUtils.instantiateClass(BeanUtils.java:170)
	... 39 more
[12:51:02][WARN ](AbstractApplicationContext.java:557) - Exception encountered during context initialization - cancelling refresh attempt: org.springframework.beans.factory.BeanCreationException: Error creating bean with name 'afterAdvice' defined in file [C:\forest\.metadata\.plugins\org.eclipse.wst.server.core\tmp0\wtpwebapps\forest\WEB-INF\classes\com\kh\forest\helpcenter\common\AfterAdvice.class]: Instantiation of bean failed; nested exception is org.springframework.beans.BeanInstantiationException: Failed to instantiate [com.kh.forest.helpcenter.common.AfterAdvice]: Constructor threw exception; nested exception is java.lang.Error: Unresolved compilation problem: 
	The declared package "com.kh.forest.common" does not match the expected package "com.kh.forest.helpcenter.common"

[12:51:02][ERROR](FrameworkServlet.java:507) - Context initialization failed
org.springframework.beans.factory.BeanCreationException: Error creating bean with name 'afterAdvice' defined in file [C:\forest\.metadata\.plugins\org.eclipse.wst.server.core\tmp0\wtpwebapps\forest\WEB-INF\classes\com\kh\forest\helpcenter\common\AfterAdvice.class]: Instantiation of bean failed; nested exception is org.springframework.beans.BeanInstantiationException: Failed to instantiate [com.kh.forest.helpcenter.common.AfterAdvice]: Constructor threw exception; nested exception is java.lang.Error: Unresolved compilation problem: 
	The declared package "com.kh.forest.common" does not match the expected package "com.kh.forest.helpcenter.common"

	at org.springframework.beans.factory.support.AbstractAutowireCapableBeanFactory.instantiateBean(AbstractAutowireCapableBeanFactory.java:1232)
	at org.springframework.beans.factory.support.AbstractAutowireCapableBeanFactory.createBeanInstance(AbstractAutowireCapableBeanFactory.java:1131)
	at org.springframework.beans.factory.support.AbstractAutowireCapableBeanFactory.doCreateBean(AbstractAutowireCapableBeanFactory.java:545)
	at org.springframework.beans.factory.support.AbstractAutowireCapableBeanFactory.createBean(AbstractAutowireCapableBeanFactory.java:502)
	at org.springframework.beans.factory.support.AbstractBeanFactory.lambda$doGetBean$0(AbstractBeanFactory.java:312)
	at org.springframework.beans.factory.support.DefaultSingletonBeanRegistry.getSingleton(DefaultSingletonBeanRegistry.java:228)
	at org.springframework.beans.factory.support.AbstractBeanFactory.doGetBean(AbstractBeanFactory.java:310)
	at org.springframework.beans.factory.support.AbstractBeanFactory.getBean(AbstractBeanFactory.java:200)
	at org.springframework.beans.factory.support.DefaultListableBeanFactory.preInstantiateSingletons(DefaultListableBeanFactory.java:760)
	at org.springframework.context.support.AbstractApplicationContext.finishBeanFactoryInitialization(AbstractApplicationContext.java:868)
	at org.springframework.context.support.AbstractApplicationContext.refresh(AbstractApplicationContext.java:549)
	at org.springframework.web.servlet.FrameworkServlet.configureAndRefreshWebApplicationContext(FrameworkServlet.java:676)
	at org.springframework.web.servlet.FrameworkServlet.createWebApplicationContext(FrameworkServlet.java:642)
	at org.springframework.web.servlet.FrameworkServlet.createWebApplicationContext(FrameworkServlet.java:690)
	at org.springframework.web.servlet.FrameworkServlet.initWebApplicationContext(FrameworkServlet.java:558)
	at org.springframework.web.servlet.FrameworkServlet.initServletBean(FrameworkServlet.java:499)
	at org.springframework.web.servlet.HttpServletBean.init(HttpServletBean.java:172)
	at javax.servlet.GenericServlet.init(GenericServlet.java:158)
	at org.apache.catalina.core.StandardWrapper.initServlet(StandardWrapper.java:1144)
	at org.apache.catalina.core.StandardWrapper.loadServlet(StandardWrapper.java:1091)
	at org.apache.catalina.core.StandardWrapper.allocate(StandardWrapper.java:773)
	at org.apache.catalina.core.StandardWrapperValve.invoke(StandardWrapperValve.java:133)
	at org.apache.catalina.core.StandardContextValve.invoke(StandardContextValve.java:96)
	at org.apache.catalina.authenticator.AuthenticatorBase.invoke(AuthenticatorBase.java:496)
	at org.apache.catalina.core.StandardHostValve.invoke(StandardHostValve.java:140)
	at org.apache.catalina.valves.ErrorReportValve.invoke(ErrorReportValve.java:81)
	at org.apache.catalina.valves.AbstractAccessLogValve.invoke(AbstractAccessLogValve.java:650)
	at org.apache.catalina.core.StandardEngineValve.invoke(StandardEngineValve.java:87)
	at org.apache.catalina.connector.CoyoteAdapter.service(CoyoteAdapter.java:342)
	at org.apache.coyote.http11.Http11Processor.service(Http11Processor.java:803)
	at org.apache.coyote.AbstractProcessorLight.process(AbstractProcessorLight.java:66)
	at org.apache.coyote.AbstractProtocol$ConnectionHandler.process(AbstractProtocol.java:790)
	at org.apache.tomcat.util.net.NioEndpoint$SocketProcessor.doRun(NioEndpoint.java:1459)
	at org.apache.tomcat.util.net.SocketProcessorBase.run(SocketProcessorBase.java:49)
	at java.util.concurrent.ThreadPoolExecutor.runWorker(Unknown Source)
	at java.util.concurrent.ThreadPoolExecutor$Worker.run(Unknown Source)
	at org.apache.tomcat.util.threads.TaskThread$WrappingRunnable.run(TaskThread.java:61)
	at java.lang.Thread.run(Unknown Source)
Caused by: org.springframework.beans.BeanInstantiationException: Failed to instantiate [com.kh.forest.helpcenter.common.AfterAdvice]: Constructor threw exception; nested exception is java.lang.Error: Unresolved compilation problem: 
	The declared package "com.kh.forest.common" does not match the expected package "com.kh.forest.helpcenter.common"

	at org.springframework.beans.BeanUtils.instantiateClass(BeanUtils.java:182)
	at org.springframework.beans.factory.support.SimpleInstantiationStrategy.instantiate(SimpleInstantiationStrategy.java:87)
	at org.springframework.beans.factory.support.AbstractAutowireCapableBeanFactory.instantiateBean(AbstractAutowireCapableBeanFactory.java:1224)
	... 37 more
Caused by: java.lang.Error: Unresolved compilation problem: 
	The declared package "com.kh.forest.common" does not match the expected package "com.kh.forest.helpcenter.common"

	at com.kh.forest.helpcenter.common.AfterAdvice.<init>(AfterAdvice.java:1)
	at sun.reflect.NativeConstructorAccessorImpl.newInstance0(Native Method)
	at sun.reflect.NativeConstructorAccessorImpl.newInstance(Unknown Source)
	at sun.reflect.DelegatingConstructorAccessorImpl.newInstance(Unknown Source)
	at java.lang.reflect.Constructor.newInstance(Unknown Source)
	at org.springframework.beans.BeanUtils.instantiateClass(BeanUtils.java:170)
	... 39 more
[12:52:33][WARN ](AbstractApplicationContext.java:557) - Exception encountered during context initialization - cancelling refresh attempt: org.springframework.beans.factory.BeanCreationException: Error creating bean with name 'afterAdvice' defined in file [C:\forest\.metadata\.plugins\org.eclipse.wst.server.core\tmp0\wtpwebapps\forest\WEB-INF\classes\com\kh\forest\helpcenter\common\AfterAdvice.class]: Instantiation of bean failed; nested exception is org.springframework.beans.BeanInstantiationException: Failed to instantiate [com.kh.forest.helpcenter.common.AfterAdvice]: Constructor threw exception; nested exception is java.lang.Error: Unresolved compilation problem: 
	The declared package "com.kh.forest.common" does not match the expected package "com.kh.forest.helpcenter.common"

[12:52:33][ERROR](FrameworkServlet.java:507) - Context initialization failed
org.springframework.beans.factory.BeanCreationException: Error creating bean with name 'afterAdvice' defined in file [C:\forest\.metadata\.plugins\org.eclipse.wst.server.core\tmp0\wtpwebapps\forest\WEB-INF\classes\com\kh\forest\helpcenter\common\AfterAdvice.class]: Instantiation of bean failed; nested exception is org.springframework.beans.BeanInstantiationException: Failed to instantiate [com.kh.forest.helpcenter.common.AfterAdvice]: Constructor threw exception; nested exception is java.lang.Error: Unresolved compilation problem: 
	The declared package "com.kh.forest.common" does not match the expected package "com.kh.forest.helpcenter.common"

	at org.springframework.beans.factory.support.AbstractAutowireCapableBeanFactory.instantiateBean(AbstractAutowireCapableBeanFactory.java:1232)
	at org.springframework.beans.factory.support.AbstractAutowireCapableBeanFactory.createBeanInstance(AbstractAutowireCapableBeanFactory.java:1131)
	at org.springframework.beans.factory.support.AbstractAutowireCapableBeanFactory.doCreateBean(AbstractAutowireCapableBeanFactory.java:545)
	at org.springframework.beans.factory.support.AbstractAutowireCapableBeanFactory.createBean(AbstractAutowireCapableBeanFactory.java:502)
	at org.springframework.beans.factory.support.AbstractBeanFactory.lambda$doGetBean$0(AbstractBeanFactory.java:312)
	at org.springframework.beans.factory.support.DefaultSingletonBeanRegistry.getSingleton(DefaultSingletonBeanRegistry.java:228)
	at org.springframework.beans.factory.support.AbstractBeanFactory.doGetBean(AbstractBeanFactory.java:310)
	at org.springframework.beans.factory.support.AbstractBeanFactory.getBean(AbstractBeanFactory.java:200)
	at org.springframework.beans.factory.support.DefaultListableBeanFactory.preInstantiateSingletons(DefaultListableBeanFactory.java:760)
	at org.springframework.context.support.AbstractApplicationContext.finishBeanFactoryInitialization(AbstractApplicationContext.java:868)
	at org.springframework.context.support.AbstractApplicationContext.refresh(AbstractApplicationContext.java:549)
	at org.springframework.web.servlet.FrameworkServlet.configureAndRefreshWebApplicationContext(FrameworkServlet.java:676)
	at org.springframework.web.servlet.FrameworkServlet.createWebApplicationContext(FrameworkServlet.java:642)
	at org.springframework.web.servlet.FrameworkServlet.createWebApplicationContext(FrameworkServlet.java:690)
	at org.springframework.web.servlet.FrameworkServlet.initWebApplicationContext(FrameworkServlet.java:558)
	at org.springframework.web.servlet.FrameworkServlet.initServletBean(FrameworkServlet.java:499)
	at org.springframework.web.servlet.HttpServletBean.init(HttpServletBean.java:172)
	at javax.servlet.GenericServlet.init(GenericServlet.java:158)
	at org.apache.catalina.core.StandardWrapper.initServlet(StandardWrapper.java:1144)
	at org.apache.catalina.core.StandardWrapper.loadServlet(StandardWrapper.java:1091)
	at org.apache.catalina.core.StandardWrapper.load(StandardWrapper.java:983)
	at org.apache.catalina.core.StandardContext.loadOnStartup(StandardContext.java:4939)
	at org.apache.catalina.core.StandardContext.startInternal(StandardContext.java:5249)
	at org.apache.catalina.util.LifecycleBase.start(LifecycleBase.java:150)
	at org.apache.catalina.core.StandardContext.reload(StandardContext.java:3800)
	at org.apache.catalina.loader.WebappLoader.backgroundProcess(WebappLoader.java:292)
	at org.apache.catalina.core.StandardContext.backgroundProcess(StandardContext.java:5571)
	at org.apache.catalina.core.ContainerBase$ContainerBackgroundProcessor.processChildren(ContainerBase.java:1390)
	at org.apache.catalina.core.ContainerBase$ContainerBackgroundProcessor.processChildren(ContainerBase.java:1394)
	at org.apache.catalina.core.ContainerBase$ContainerBackgroundProcessor.processChildren(ContainerBase.java:1394)
	at org.apache.catalina.core.ContainerBase$ContainerBackgroundProcessor.run(ContainerBase.java:1362)
	at java.lang.Thread.run(Unknown Source)
Caused by: org.springframework.beans.BeanInstantiationException: Failed to instantiate [com.kh.forest.helpcenter.common.AfterAdvice]: Constructor threw exception; nested exception is java.lang.Error: Unresolved compilation problem: 
	The declared package "com.kh.forest.common" does not match the expected package "com.kh.forest.helpcenter.common"

	at org.springframework.beans.BeanUtils.instantiateClass(BeanUtils.java:182)
	at org.springframework.beans.factory.support.SimpleInstantiationStrategy.instantiate(SimpleInstantiationStrategy.java:87)
	at org.springframework.beans.factory.support.AbstractAutowireCapableBeanFactory.instantiateBean(AbstractAutowireCapableBeanFactory.java:1224)
	... 31 more
Caused by: java.lang.Error: Unresolved compilation problem: 
	The declared package "com.kh.forest.common" does not match the expected package "com.kh.forest.helpcenter.common"

	at com.kh.forest.helpcenter.common.AfterAdvice.<init>(AfterAdvice.java:1)
	at sun.reflect.NativeConstructorAccessorImpl.newInstance0(Native Method)
	at sun.reflect.NativeConstructorAccessorImpl.newInstance(Unknown Source)
	at sun.reflect.DelegatingConstructorAccessorImpl.newInstance(Unknown Source)
	at java.lang.reflect.Constructor.newInstance(Unknown Source)
	at org.springframework.beans.BeanUtils.instantiateClass(BeanUtils.java:170)
	... 33 more
[12:52:35][WARN ](AbstractApplicationContext.java:557) - Exception encountered during context initialization - cancelling refresh attempt: org.springframework.beans.factory.BeanCreationException: Error creating bean with name 'afterAdvice' defined in file [C:\forest\.metadata\.plugins\org.eclipse.wst.server.core\tmp0\wtpwebapps\forest\WEB-INF\classes\com\kh\forest\helpcenter\common\AfterAdvice.class]: Instantiation of bean failed; nested exception is org.springframework.beans.BeanInstantiationException: Failed to instantiate [com.kh.forest.helpcenter.common.AfterAdvice]: Constructor threw exception; nested exception is java.lang.Error: Unresolved compilation problem: 
	The declared package "com.kh.forest.common" does not match the expected package "com.kh.forest.helpcenter.common"

[12:52:35][ERROR](FrameworkServlet.java:507) - Context initialization failed
org.springframework.beans.factory.BeanCreationException: Error creating bean with name 'afterAdvice' defined in file [C:\forest\.metadata\.plugins\org.eclipse.wst.server.core\tmp0\wtpwebapps\forest\WEB-INF\classes\com\kh\forest\helpcenter\common\AfterAdvice.class]: Instantiation of bean failed; nested exception is org.springframework.beans.BeanInstantiationException: Failed to instantiate [com.kh.forest.helpcenter.common.AfterAdvice]: Constructor threw exception; nested exception is java.lang.Error: Unresolved compilation problem: 
	The declared package "com.kh.forest.common" does not match the expected package "com.kh.forest.helpcenter.common"

	at org.springframework.beans.factory.support.AbstractAutowireCapableBeanFactory.instantiateBean(AbstractAutowireCapableBeanFactory.java:1232)
	at org.springframework.beans.factory.support.AbstractAutowireCapableBeanFactory.createBeanInstance(AbstractAutowireCapableBeanFactory.java:1131)
	at org.springframework.beans.factory.support.AbstractAutowireCapableBeanFactory.doCreateBean(AbstractAutowireCapableBeanFactory.java:545)
	at org.springframework.beans.factory.support.AbstractAutowireCapableBeanFactory.createBean(AbstractAutowireCapableBeanFactory.java:502)
	at org.springframework.beans.factory.support.AbstractBeanFactory.lambda$doGetBean$0(AbstractBeanFactory.java:312)
	at org.springframework.beans.factory.support.DefaultSingletonBeanRegistry.getSingleton(DefaultSingletonBeanRegistry.java:228)
	at org.springframework.beans.factory.support.AbstractBeanFactory.doGetBean(AbstractBeanFactory.java:310)
	at org.springframework.beans.factory.support.AbstractBeanFactory.getBean(AbstractBeanFactory.java:200)
	at org.springframework.beans.factory.support.DefaultListableBeanFactory.preInstantiateSingletons(DefaultListableBeanFactory.java:760)
	at org.springframework.context.support.AbstractApplicationContext.finishBeanFactoryInitialization(AbstractApplicationContext.java:868)
	at org.springframework.context.support.AbstractApplicationContext.refresh(AbstractApplicationContext.java:549)
	at org.springframework.web.servlet.FrameworkServlet.configureAndRefreshWebApplicationContext(FrameworkServlet.java:676)
	at org.springframework.web.servlet.FrameworkServlet.createWebApplicationContext(FrameworkServlet.java:642)
	at org.springframework.web.servlet.FrameworkServlet.createWebApplicationContext(FrameworkServlet.java:690)
	at org.springframework.web.servlet.FrameworkServlet.initWebApplicationContext(FrameworkServlet.java:558)
	at org.springframework.web.servlet.FrameworkServlet.initServletBean(FrameworkServlet.java:499)
	at org.springframework.web.servlet.HttpServletBean.init(HttpServletBean.java:172)
	at javax.servlet.GenericServlet.init(GenericServlet.java:158)
	at org.apache.catalina.core.StandardWrapper.initServlet(StandardWrapper.java:1144)
	at org.apache.catalina.core.StandardWrapper.loadServlet(StandardWrapper.java:1091)
	at org.apache.catalina.core.StandardWrapper.load(StandardWrapper.java:983)
	at org.apache.catalina.core.StandardContext.loadOnStartup(StandardContext.java:4939)
	at org.apache.catalina.core.StandardContext.startInternal(StandardContext.java:5249)
	at org.apache.catalina.util.LifecycleBase.start(LifecycleBase.java:150)
	at org.apache.catalina.core.StandardContext.reload(StandardContext.java:3800)
	at org.apache.catalina.loader.WebappLoader.backgroundProcess(WebappLoader.java:292)
	at org.apache.catalina.core.StandardContext.backgroundProcess(StandardContext.java:5571)
	at org.apache.catalina.core.ContainerBase$ContainerBackgroundProcessor.processChildren(ContainerBase.java:1390)
	at org.apache.catalina.core.ContainerBase$ContainerBackgroundProcessor.processChildren(ContainerBase.java:1394)
	at org.apache.catalina.core.ContainerBase$ContainerBackgroundProcessor.processChildren(ContainerBase.java:1394)
	at org.apache.catalina.core.ContainerBase$ContainerBackgroundProcessor.run(ContainerBase.java:1362)
	at java.lang.Thread.run(Unknown Source)
Caused by: org.springframework.beans.BeanInstantiationException: Failed to instantiate [com.kh.forest.helpcenter.common.AfterAdvice]: Constructor threw exception; nested exception is java.lang.Error: Unresolved compilation problem: 
	The declared package "com.kh.forest.common" does not match the expected package "com.kh.forest.helpcenter.common"

	at org.springframework.beans.BeanUtils.instantiateClass(BeanUtils.java:182)
	at org.springframework.beans.factory.support.SimpleInstantiationStrategy.instantiate(SimpleInstantiationStrategy.java:87)
	at org.springframework.beans.factory.support.AbstractAutowireCapableBeanFactory.instantiateBean(AbstractAutowireCapableBeanFactory.java:1224)
	... 31 more
Caused by: java.lang.Error: Unresolved compilation problem: 
	The declared package "com.kh.forest.common" does not match the expected package "com.kh.forest.helpcenter.common"

	at com.kh.forest.helpcenter.common.AfterAdvice.<init>(AfterAdvice.java:1)
	at sun.reflect.NativeConstructorAccessorImpl.newInstance0(Native Method)
	at sun.reflect.NativeConstructorAccessorImpl.newInstance(Unknown Source)
	at sun.reflect.DelegatingConstructorAccessorImpl.newInstance(Unknown Source)
	at java.lang.reflect.Constructor.newInstance(Unknown Source)
	at org.springframework.beans.BeanUtils.instantiateClass(BeanUtils.java:170)
	... 33 more
[12:53:09][WARN ](AbstractApplicationContext.java:557) - Exception encountered during context initialization - cancelling refresh attempt: org.springframework.beans.factory.BeanCreationException: Error creating bean with name 'afterAdvice' defined in file [C:\forest\.metadata\.plugins\org.eclipse.wst.server.core\tmp0\wtpwebapps\forest\WEB-INF\classes\com\kh\forest\helpcenter\common\AfterAdvice.class]: Instantiation of bean failed; nested exception is org.springframework.beans.BeanInstantiationException: Failed to instantiate [com.kh.forest.helpcenter.common.AfterAdvice]: Constructor threw exception; nested exception is java.lang.Error: Unresolved compilation problem: 
	The declared package "com.kh.forest.common" does not match the expected package "com.kh.forest.helpcenter.common"

[12:53:09][ERROR](FrameworkServlet.java:507) - Context initialization failed
org.springframework.beans.factory.BeanCreationException: Error creating bean with name 'afterAdvice' defined in file [C:\forest\.metadata\.plugins\org.eclipse.wst.server.core\tmp0\wtpwebapps\forest\WEB-INF\classes\com\kh\forest\helpcenter\common\AfterAdvice.class]: Instantiation of bean failed; nested exception is org.springframework.beans.BeanInstantiationException: Failed to instantiate [com.kh.forest.helpcenter.common.AfterAdvice]: Constructor threw exception; nested exception is java.lang.Error: Unresolved compilation problem: 
	The declared package "com.kh.forest.common" does not match the expected package "com.kh.forest.helpcenter.common"

	at org.springframework.beans.factory.support.AbstractAutowireCapableBeanFactory.instantiateBean(AbstractAutowireCapableBeanFactory.java:1232)
	at org.springframework.beans.factory.support.AbstractAutowireCapableBeanFactory.createBeanInstance(AbstractAutowireCapableBeanFactory.java:1131)
	at org.springframework.beans.factory.support.AbstractAutowireCapableBeanFactory.doCreateBean(AbstractAutowireCapableBeanFactory.java:545)
	at org.springframework.beans.factory.support.AbstractAutowireCapableBeanFactory.createBean(AbstractAutowireCapableBeanFactory.java:502)
	at org.springframework.beans.factory.support.AbstractBeanFactory.lambda$doGetBean$0(AbstractBeanFactory.java:312)
	at org.springframework.beans.factory.support.DefaultSingletonBeanRegistry.getSingleton(DefaultSingletonBeanRegistry.java:228)
	at org.springframework.beans.factory.support.AbstractBeanFactory.doGetBean(AbstractBeanFactory.java:310)
	at org.springframework.beans.factory.support.AbstractBeanFactory.getBean(AbstractBeanFactory.java:200)
	at org.springframework.beans.factory.support.DefaultListableBeanFactory.preInstantiateSingletons(DefaultListableBeanFactory.java:760)
	at org.springframework.context.support.AbstractApplicationContext.finishBeanFactoryInitialization(AbstractApplicationContext.java:868)
	at org.springframework.context.support.AbstractApplicationContext.refresh(AbstractApplicationContext.java:549)
	at org.springframework.web.servlet.FrameworkServlet.configureAndRefreshWebApplicationContext(FrameworkServlet.java:676)
	at org.springframework.web.servlet.FrameworkServlet.createWebApplicationContext(FrameworkServlet.java:642)
	at org.springframework.web.servlet.FrameworkServlet.createWebApplicationContext(FrameworkServlet.java:690)
	at org.springframework.web.servlet.FrameworkServlet.initWebApplicationContext(FrameworkServlet.java:558)
	at org.springframework.web.servlet.FrameworkServlet.initServletBean(FrameworkServlet.java:499)
	at org.springframework.web.servlet.HttpServletBean.init(HttpServletBean.java:172)
	at javax.servlet.GenericServlet.init(GenericServlet.java:158)
	at org.apache.catalina.core.StandardWrapper.initServlet(StandardWrapper.java:1144)
	at org.apache.catalina.core.StandardWrapper.loadServlet(StandardWrapper.java:1091)
	at org.apache.catalina.core.StandardWrapper.load(StandardWrapper.java:983)
	at org.apache.catalina.core.StandardContext.loadOnStartup(StandardContext.java:4939)
	at org.apache.catalina.core.StandardContext.startInternal(StandardContext.java:5249)
	at org.apache.catalina.util.LifecycleBase.start(LifecycleBase.java:150)
	at org.apache.catalina.core.ContainerBase$StartChild.call(ContainerBase.java:1421)
	at org.apache.catalina.core.ContainerBase$StartChild.call(ContainerBase.java:1411)
	at java.util.concurrent.FutureTask.run(Unknown Source)
	at java.util.concurrent.ThreadPoolExecutor.runWorker(Unknown Source)
	at java.util.concurrent.ThreadPoolExecutor$Worker.run(Unknown Source)
	at java.lang.Thread.run(Unknown Source)
Caused by: org.springframework.beans.BeanInstantiationException: Failed to instantiate [com.kh.forest.helpcenter.common.AfterAdvice]: Constructor threw exception; nested exception is java.lang.Error: Unresolved compilation problem: 
	The declared package "com.kh.forest.common" does not match the expected package "com.kh.forest.helpcenter.common"

	at org.springframework.beans.BeanUtils.instantiateClass(BeanUtils.java:182)
	at org.springframework.beans.factory.support.SimpleInstantiationStrategy.instantiate(SimpleInstantiationStrategy.java:87)
	at org.springframework.beans.factory.support.AbstractAutowireCapableBeanFactory.instantiateBean(AbstractAutowireCapableBeanFactory.java:1224)
	... 29 more
Caused by: java.lang.Error: Unresolved compilation problem: 
	The declared package "com.kh.forest.common" does not match the expected package "com.kh.forest.helpcenter.common"

	at com.kh.forest.helpcenter.common.AfterAdvice.<init>(AfterAdvice.java:1)
	at sun.reflect.NativeConstructorAccessorImpl.newInstance0(Native Method)
	at sun.reflect.NativeConstructorAccessorImpl.newInstance(Unknown Source)
	at sun.reflect.DelegatingConstructorAccessorImpl.newInstance(Unknown Source)
	at java.lang.reflect.Constructor.newInstance(Unknown Source)
	at org.springframework.beans.BeanUtils.instantiateClass(BeanUtils.java:170)
	... 31 more
[12:53:11][WARN ](AbstractApplicationContext.java:557) - Exception encountered during context initialization - cancelling refresh attempt: org.springframework.beans.factory.BeanCreationException: Error creating bean with name 'afterAdvice' defined in file [C:\forest\.metadata\.plugins\org.eclipse.wst.server.core\tmp0\wtpwebapps\forest\WEB-INF\classes\com\kh\forest\helpcenter\common\AfterAdvice.class]: Instantiation of bean failed; nested exception is org.springframework.beans.BeanInstantiationException: Failed to instantiate [com.kh.forest.helpcenter.common.AfterAdvice]: Constructor threw exception; nested exception is java.lang.Error: Unresolved compilation problem: 
	The declared package "com.kh.forest.common" does not match the expected package "com.kh.forest.helpcenter.common"

[12:53:11][ERROR](FrameworkServlet.java:507) - Context initialization failed
org.springframework.beans.factory.BeanCreationException: Error creating bean with name 'afterAdvice' defined in file [C:\forest\.metadata\.plugins\org.eclipse.wst.server.core\tmp0\wtpwebapps\forest\WEB-INF\classes\com\kh\forest\helpcenter\common\AfterAdvice.class]: Instantiation of bean failed; nested exception is org.springframework.beans.BeanInstantiationException: Failed to instantiate [com.kh.forest.helpcenter.common.AfterAdvice]: Constructor threw exception; nested exception is java.lang.Error: Unresolved compilation problem: 
	The declared package "com.kh.forest.common" does not match the expected package "com.kh.forest.helpcenter.common"

	at org.springframework.beans.factory.support.AbstractAutowireCapableBeanFactory.instantiateBean(AbstractAutowireCapableBeanFactory.java:1232)
	at org.springframework.beans.factory.support.AbstractAutowireCapableBeanFactory.createBeanInstance(AbstractAutowireCapableBeanFactory.java:1131)
	at org.springframework.beans.factory.support.AbstractAutowireCapableBeanFactory.doCreateBean(AbstractAutowireCapableBeanFactory.java:545)
	at org.springframework.beans.factory.support.AbstractAutowireCapableBeanFactory.createBean(AbstractAutowireCapableBeanFactory.java:502)
	at org.springframework.beans.factory.support.AbstractBeanFactory.lambda$doGetBean$0(AbstractBeanFactory.java:312)
	at org.springframework.beans.factory.support.DefaultSingletonBeanRegistry.getSingleton(DefaultSingletonBeanRegistry.java:228)
	at org.springframework.beans.factory.support.AbstractBeanFactory.doGetBean(AbstractBeanFactory.java:310)
	at org.springframework.beans.factory.support.AbstractBeanFactory.getBean(AbstractBeanFactory.java:200)
	at org.springframework.beans.factory.support.DefaultListableBeanFactory.preInstantiateSingletons(DefaultListableBeanFactory.java:760)
	at org.springframework.context.support.AbstractApplicationContext.finishBeanFactoryInitialization(AbstractApplicationContext.java:868)
	at org.springframework.context.support.AbstractApplicationContext.refresh(AbstractApplicationContext.java:549)
	at org.springframework.web.servlet.FrameworkServlet.configureAndRefreshWebApplicationContext(FrameworkServlet.java:676)
	at org.springframework.web.servlet.FrameworkServlet.createWebApplicationContext(FrameworkServlet.java:642)
	at org.springframework.web.servlet.FrameworkServlet.createWebApplicationContext(FrameworkServlet.java:690)
	at org.springframework.web.servlet.FrameworkServlet.initWebApplicationContext(FrameworkServlet.java:558)
	at org.springframework.web.servlet.FrameworkServlet.initServletBean(FrameworkServlet.java:499)
	at org.springframework.web.servlet.HttpServletBean.init(HttpServletBean.java:172)
	at javax.servlet.GenericServlet.init(GenericServlet.java:158)
	at org.apache.catalina.core.StandardWrapper.initServlet(StandardWrapper.java:1144)
	at org.apache.catalina.core.StandardWrapper.loadServlet(StandardWrapper.java:1091)
	at org.apache.catalina.core.StandardWrapper.load(StandardWrapper.java:983)
	at org.apache.catalina.core.StandardContext.loadOnStartup(StandardContext.java:4939)
	at org.apache.catalina.core.StandardContext.startInternal(StandardContext.java:5249)
	at org.apache.catalina.util.LifecycleBase.start(LifecycleBase.java:150)
	at org.apache.catalina.core.ContainerBase$StartChild.call(ContainerBase.java:1421)
	at org.apache.catalina.core.ContainerBase$StartChild.call(ContainerBase.java:1411)
	at java.util.concurrent.FutureTask.run(Unknown Source)
	at java.util.concurrent.ThreadPoolExecutor.runWorker(Unknown Source)
	at java.util.concurrent.ThreadPoolExecutor$Worker.run(Unknown Source)
	at java.lang.Thread.run(Unknown Source)
Caused by: org.springframework.beans.BeanInstantiationException: Failed to instantiate [com.kh.forest.helpcenter.common.AfterAdvice]: Constructor threw exception; nested exception is java.lang.Error: Unresolved compilation problem: 
	The declared package "com.kh.forest.common" does not match the expected package "com.kh.forest.helpcenter.common"

	at org.springframework.beans.BeanUtils.instantiateClass(BeanUtils.java:182)
	at org.springframework.beans.factory.support.SimpleInstantiationStrategy.instantiate(SimpleInstantiationStrategy.java:87)
	at org.springframework.beans.factory.support.AbstractAutowireCapableBeanFactory.instantiateBean(AbstractAutowireCapableBeanFactory.java:1224)
	... 29 more
Caused by: java.lang.Error: Unresolved compilation problem: 
	The declared package "com.kh.forest.common" does not match the expected package "com.kh.forest.helpcenter.common"

	at com.kh.forest.helpcenter.common.AfterAdvice.<init>(AfterAdvice.java:1)
	at sun.reflect.NativeConstructorAccessorImpl.newInstance0(Native Method)
	at sun.reflect.NativeConstructorAccessorImpl.newInstance(Unknown Source)
	at sun.reflect.DelegatingConstructorAccessorImpl.newInstance(Unknown Source)
	at java.lang.reflect.Constructor.newInstance(Unknown Source)
	at org.springframework.beans.BeanUtils.instantiateClass(BeanUtils.java:170)
	... 31 more
[12:53:13][WARN ](AbstractApplicationContext.java:557) - Exception encountered during context initialization - cancelling refresh attempt: org.springframework.beans.factory.BeanCreationException: Error creating bean with name 'afterAdvice' defined in file [C:\forest\.metadata\.plugins\org.eclipse.wst.server.core\tmp0\wtpwebapps\forest\WEB-INF\classes\com\kh\forest\helpcenter\common\AfterAdvice.class]: Instantiation of bean failed; nested exception is org.springframework.beans.BeanInstantiationException: Failed to instantiate [com.kh.forest.helpcenter.common.AfterAdvice]: Constructor threw exception; nested exception is java.lang.Error: Unresolved compilation problem: 
	The declared package "com.kh.forest.common" does not match the expected package "com.kh.forest.helpcenter.common"

[12:53:13][ERROR](FrameworkServlet.java:507) - Context initialization failed
org.springframework.beans.factory.BeanCreationException: Error creating bean with name 'afterAdvice' defined in file [C:\forest\.metadata\.plugins\org.eclipse.wst.server.core\tmp0\wtpwebapps\forest\WEB-INF\classes\com\kh\forest\helpcenter\common\AfterAdvice.class]: Instantiation of bean failed; nested exception is org.springframework.beans.BeanInstantiationException: Failed to instantiate [com.kh.forest.helpcenter.common.AfterAdvice]: Constructor threw exception; nested exception is java.lang.Error: Unresolved compilation problem: 
	The declared package "com.kh.forest.common" does not match the expected package "com.kh.forest.helpcenter.common"

	at org.springframework.beans.factory.support.AbstractAutowireCapableBeanFactory.instantiateBean(AbstractAutowireCapableBeanFactory.java:1232)
	at org.springframework.beans.factory.support.AbstractAutowireCapableBeanFactory.createBeanInstance(AbstractAutowireCapableBeanFactory.java:1131)
	at org.springframework.beans.factory.support.AbstractAutowireCapableBeanFactory.doCreateBean(AbstractAutowireCapableBeanFactory.java:545)
	at org.springframework.beans.factory.support.AbstractAutowireCapableBeanFactory.createBean(AbstractAutowireCapableBeanFactory.java:502)
	at org.springframework.beans.factory.support.AbstractBeanFactory.lambda$doGetBean$0(AbstractBeanFactory.java:312)
	at org.springframework.beans.factory.support.DefaultSingletonBeanRegistry.getSingleton(DefaultSingletonBeanRegistry.java:228)
	at org.springframework.beans.factory.support.AbstractBeanFactory.doGetBean(AbstractBeanFactory.java:310)
	at org.springframework.beans.factory.support.AbstractBeanFactory.getBean(AbstractBeanFactory.java:200)
	at org.springframework.beans.factory.support.DefaultListableBeanFactory.preInstantiateSingletons(DefaultListableBeanFactory.java:760)
	at org.springframework.context.support.AbstractApplicationContext.finishBeanFactoryInitialization(AbstractApplicationContext.java:868)
	at org.springframework.context.support.AbstractApplicationContext.refresh(AbstractApplicationContext.java:549)
	at org.springframework.web.servlet.FrameworkServlet.configureAndRefreshWebApplicationContext(FrameworkServlet.java:676)
	at org.springframework.web.servlet.FrameworkServlet.createWebApplicationContext(FrameworkServlet.java:642)
	at org.springframework.web.servlet.FrameworkServlet.createWebApplicationContext(FrameworkServlet.java:690)
	at org.springframework.web.servlet.FrameworkServlet.initWebApplicationContext(FrameworkServlet.java:558)
	at org.springframework.web.servlet.FrameworkServlet.initServletBean(FrameworkServlet.java:499)
	at org.springframework.web.servlet.HttpServletBean.init(HttpServletBean.java:172)
	at javax.servlet.GenericServlet.init(GenericServlet.java:158)
	at org.apache.catalina.core.StandardWrapper.initServlet(StandardWrapper.java:1144)
	at org.apache.catalina.core.StandardWrapper.loadServlet(StandardWrapper.java:1091)
	at org.apache.catalina.core.StandardWrapper.allocate(StandardWrapper.java:773)
	at org.apache.catalina.core.StandardWrapperValve.invoke(StandardWrapperValve.java:133)
	at org.apache.catalina.core.StandardContextValve.invoke(StandardContextValve.java:96)
	at org.apache.catalina.authenticator.AuthenticatorBase.invoke(AuthenticatorBase.java:496)
	at org.apache.catalina.core.StandardHostValve.invoke(StandardHostValve.java:140)
	at org.apache.catalina.valves.ErrorReportValve.invoke(ErrorReportValve.java:81)
	at org.apache.catalina.valves.AbstractAccessLogValve.invoke(AbstractAccessLogValve.java:650)
	at org.apache.catalina.core.StandardEngineValve.invoke(StandardEngineValve.java:87)
	at org.apache.catalina.connector.CoyoteAdapter.service(CoyoteAdapter.java:342)
	at org.apache.coyote.http11.Http11Processor.service(Http11Processor.java:803)
	at org.apache.coyote.AbstractProcessorLight.process(AbstractProcessorLight.java:66)
	at org.apache.coyote.AbstractProtocol$ConnectionHandler.process(AbstractProtocol.java:790)
	at org.apache.tomcat.util.net.NioEndpoint$SocketProcessor.doRun(NioEndpoint.java:1459)
	at org.apache.tomcat.util.net.SocketProcessorBase.run(SocketProcessorBase.java:49)
	at java.util.concurrent.ThreadPoolExecutor.runWorker(Unknown Source)
	at java.util.concurrent.ThreadPoolExecutor$Worker.run(Unknown Source)
	at org.apache.tomcat.util.threads.TaskThread$WrappingRunnable.run(TaskThread.java:61)
	at java.lang.Thread.run(Unknown Source)
Caused by: org.springframework.beans.BeanInstantiationException: Failed to instantiate [com.kh.forest.helpcenter.common.AfterAdvice]: Constructor threw exception; nested exception is java.lang.Error: Unresolved compilation problem: 
	The declared package "com.kh.forest.common" does not match the expected package "com.kh.forest.helpcenter.common"

	at org.springframework.beans.BeanUtils.instantiateClass(BeanUtils.java:182)
	at org.springframework.beans.factory.support.SimpleInstantiationStrategy.instantiate(SimpleInstantiationStrategy.java:87)
	at org.springframework.beans.factory.support.AbstractAutowireCapableBeanFactory.instantiateBean(AbstractAutowireCapableBeanFactory.java:1224)
	... 37 more
Caused by: java.lang.Error: Unresolved compilation problem: 
	The declared package "com.kh.forest.common" does not match the expected package "com.kh.forest.helpcenter.common"

	at com.kh.forest.helpcenter.common.AfterAdvice.<init>(AfterAdvice.java:1)
	at sun.reflect.NativeConstructorAccessorImpl.newInstance0(Native Method)
	at sun.reflect.NativeConstructorAccessorImpl.newInstance(Unknown Source)
	at sun.reflect.DelegatingConstructorAccessorImpl.newInstance(Unknown Source)
	at java.lang.reflect.Constructor.newInstance(Unknown Source)
	at org.springframework.beans.BeanUtils.instantiateClass(BeanUtils.java:170)
	... 39 more
